build/intermediates/proguard-rules/release/aapt_rules.txt
# view AndroidManifest.xml #generated:20
-keep class com.iweigame.demo.MainActivity { <init>(...); }
