build/outputs/mapping/release/seeds.txt
com.iweigame.demo.MainActivity
com.iweigame.demo.MainActivity: MainActivity()