build/outputs/mapping/release/mapping.txt
com.iweigame.demo.MainActivity -> com.iweigame.demo.MainActivity:
    void onCreate(android.os.Bundle) -> onCreate